\BOOKMARK [0][-]{chapter.1}{\376\377\0001\000\040\000P\000y\000t\000h\000o\000n\000\040\000D\000H\000C\000P\000\040\000S\000e\000r\000v\000e\000r}{}% 1
\BOOKMARK [0][-]{chapter.2}{\376\377\0002\000\040\000N\000a\000m\000e\000s\000p\000a\000c\000e\000\040\000I\000n\000d\000e\000x}{}% 2
\BOOKMARK [1][-]{section.2.1}{\376\377\0002\000.\0001\000\040\000N\000a\000m\000e\000s\000p\000a\000c\000e\000\040\000L\000i\000s\000t}{chapter.2}% 3
\BOOKMARK [0][-]{chapter.3}{\376\377\0003\000\040\000H\000i\000e\000r\000a\000r\000c\000h\000i\000c\000a\000l\000\040\000I\000n\000d\000e\000x}{}% 4
\BOOKMARK [1][-]{section.3.1}{\376\377\0003\000.\0001\000\040\000C\000l\000a\000s\000s\000\040\000H\000i\000e\000r\000a\000r\000c\000h\000y}{chapter.3}% 5
\BOOKMARK [0][-]{chapter.4}{\376\377\0004\000\040\000C\000l\000a\000s\000s\000\040\000I\000n\000d\000e\000x}{}% 6
\BOOKMARK [1][-]{section.4.1}{\376\377\0004\000.\0001\000\040\000C\000l\000a\000s\000s\000\040\000L\000i\000s\000t}{chapter.4}% 7
\BOOKMARK [0][-]{chapter.5}{\376\377\0005\000\040\000F\000i\000l\000e\000\040\000I\000n\000d\000e\000x}{}% 8
\BOOKMARK [1][-]{section.5.1}{\376\377\0005\000.\0001\000\040\000F\000i\000l\000e\000\040\000L\000i\000s\000t}{chapter.5}% 9
\BOOKMARK [0][-]{chapter.6}{\376\377\0006\000\040\000N\000a\000m\000e\000s\000p\000a\000c\000e\000\040\000D\000o\000c\000u\000m\000e\000n\000t\000a\000t\000i\000o\000n}{}% 10
\BOOKMARK [1][-]{section.6.1}{\376\377\0006\000.\0001\000\040\000d\000h\000c\000p\000\040\000N\000a\000m\000e\000s\000p\000a\000c\000e\000\040\000R\000e\000f\000e\000r\000e\000n\000c\000e}{chapter.6}% 11
\BOOKMARK [2][-]{subsection.6.1.1}{\376\377\0006\000.\0001\000.\0001\000\040\000F\000u\000n\000c\000t\000i\000o\000n\000\040\000D\000o\000c\000u\000m\000e\000n\000t\000a\000t\000i\000o\000n}{section.6.1}% 12
\BOOKMARK [3][-]{subsubsection.6.1.1.1}{\376\377\0006\000.\0001\000.\0001\000.\0001\000\040\000d\000e\000b\000u\000g\000\137\000m\000s\000g\000\050\000\051}{subsection.6.1.1}% 13
\BOOKMARK [3][-]{subsubsection.6.1.1.2}{\376\377\0006\000.\0001\000.\0001\000.\0002\000\040\000g\000e\000t\000\137\000h\000o\000s\000t\000\137\000i\000p\000\137\000a\000d\000d\000r\000e\000s\000s\000e\000s\000\050\000\051}{subsection.6.1.1}% 14
\BOOKMARK [3][-]{subsubsection.6.1.1.3}{\376\377\0006\000.\0001\000.\0001\000.\0003\000\040\000i\000p\000\137\000a\000d\000d\000r\000e\000s\000s\000e\000s\000\050\000\051}{subsection.6.1.1}% 15
\BOOKMARK [3][-]{subsubsection.6.1.1.4}{\376\377\0006\000.\0001\000.\0001\000.\0004\000\040\000s\000o\000r\000t\000e\000d\000\137\000h\000o\000s\000t\000s\000\050\000\051}{subsection.6.1.1}% 16
\BOOKMARK [2][-]{subsection.6.1.2}{\376\377\0006\000.\0001\000.\0002\000\040\000V\000a\000r\000i\000a\000b\000l\000e\000\040\000D\000o\000c\000u\000m\000e\000n\000t\000a\000t\000i\000o\000n}{section.6.1}% 17
\BOOKMARK [3][-]{subsubsection.6.1.2.1}{\376\377\0006\000.\0001\000.\0002\000.\0001\000\040\000A\000L\000L}{subsection.6.1.2}% 18
\BOOKMARK [3][-]{subsubsection.6.1.2.2}{\376\377\0006\000.\0001\000.\0002\000.\0002\000\040\000c\000o\000n\000f\000i\000g\000u\000r\000a\000t\000i\000o\000n}{subsection.6.1.2}% 19
\BOOKMARK [3][-]{subsubsection.6.1.2.3}{\376\377\0006\000.\0001\000.\0002\000.\0003\000\040\000d\000e\000b\000u\000g}{subsection.6.1.2}% 20
\BOOKMARK [3][-]{subsubsection.6.1.2.4}{\376\377\0006\000.\0001\000.\0002\000.\0004\000\040\000i\000p\000\137\000a\000d\000d\000r\000e\000s\000s\000\137\000l\000e\000a\000s\000e\000\137\000t\000i\000m\000e}{subsection.6.1.2}% 21
\BOOKMARK [3][-]{subsubsection.6.1.2.5}{\376\377\0006\000.\0001\000.\0002\000.\0005\000\040\000m\000e\000s\000s\000a\000g\000e\000s}{subsection.6.1.2}% 22
\BOOKMARK [3][-]{subsubsection.6.1.2.6}{\376\377\0006\000.\0001\000.\0002\000.\0006\000\040\000s\000e\000r\000v\000e\000r}{subsection.6.1.2}% 23
\BOOKMARK [1][-]{section.6.2}{\376\377\0006\000.\0002\000\040\000l\000i\000s\000t\000e\000n\000e\000r\000\040\000N\000a\000m\000e\000s\000p\000a\000c\000e\000\040\000R\000e\000f\000e\000r\000e\000n\000c\000e}{chapter.6}% 24
\BOOKMARK [2][-]{subsection.6.2.1}{\376\377\0006\000.\0002\000.\0001\000\040\000F\000u\000n\000c\000t\000i\000o\000n\000\040\000D\000o\000c\000u\000m\000e\000n\000t\000a\000t\000i\000o\000n}{section.6.2}% 25
\BOOKMARK [3][-]{subsubsection.6.2.1.1}{\376\377\0006\000.\0002\000.\0001\000.\0001\000\040\000i\000n\000e\000t\000\137\000a\000t\000o\000n\000X\000\050\000\051}{subsection.6.2.1}% 26
\BOOKMARK [3][-]{subsubsection.6.2.1.2}{\376\377\0006\000.\0002\000.\0001\000.\0002\000\040\000i\000n\000e\000t\000\137\000n\000t\000o\000a\000X\000\050\000\051}{subsection.6.2.1}% 27
\BOOKMARK [3][-]{subsubsection.6.2.1.3}{\376\377\0006\000.\0002\000.\0001\000.\0003\000\040\000m\000a\000c\000p\000a\000c\000k\000\050\000\051}{subsection.6.2.1}% 28
\BOOKMARK [3][-]{subsubsection.6.2.1.4}{\376\377\0006\000.\0002\000.\0001\000.\0004\000\040\000m\000a\000c\000u\000n\000p\000a\000c\000k\000\050\000\051}{subsection.6.2.1}% 29
\BOOKMARK [3][-]{subsubsection.6.2.1.5}{\376\377\0006\000.\0002\000.\0001\000.\0005\000\040\000p\000a\000c\000k\000b\000o\000o\000l\000\050\000\051}{subsection.6.2.1}% 30
\BOOKMARK [3][-]{subsubsection.6.2.1.6}{\376\377\0006\000.\0002\000.\0001\000.\0006\000\040\000u\000n\000p\000a\000c\000k\000b\000o\000o\000l\000\050\000\051}{subsection.6.2.1}% 31
\BOOKMARK [2][-]{subsection.6.2.2}{\376\377\0006\000.\0002\000.\0002\000\040\000V\000a\000r\000i\000a\000b\000l\000e\000\040\000D\000o\000c\000u\000m\000e\000n\000t\000a\000t\000i\000o\000n}{section.6.2}% 32
\BOOKMARK [3][-]{subsubsection.6.2.2.1}{\376\377\0006\000.\0002\000.\0002\000.\0001\000\040\000d\000a\000t\000a}{subsection.6.2.2}% 33
\BOOKMARK [3][-]{subsubsection.6.2.2.2}{\376\377\0006\000.\0002\000.\0002\000.\0002\000\040\000d\000h\000c\000p\000\137\000m\000e\000s\000s\000a\000g\000e\000\137\000t\000y\000p\000e\000s}{subsection.6.2.2}% 34
\BOOKMARK [3][-]{subsubsection.6.2.2.3}{\376\377\0006\000.\0002\000.\0002\000.\0003\000\040\000o\000p\000t\000i\000o\000n\000s}{subsection.6.2.2}% 35
\BOOKMARK [3][-]{subsubsection.6.2.2.4}{\376\377\0006\000.\0002\000.\0002\000.\0004\000\040\000p}{subsection.6.2.2}% 36
\BOOKMARK [3][-]{subsubsection.6.2.2.5}{\376\377\0006\000.\0002\000.\0002\000.\0005\000\040\000p\000a\000c\000k\000e\000t}{subsection.6.2.2}% 37
\BOOKMARK [3][-]{subsubsection.6.2.2.6}{\376\377\0006\000.\0002\000.\0002\000.\0006\000\040\000r\000e\000a\000d\000s}{subsection.6.2.2}% 38
\BOOKMARK [3][-]{subsubsection.6.2.2.7}{\376\377\0006\000.\0002\000.\0002\000.\0007\000\040\000r\000e\000v\000e\000r\000s\000e\000d\000\137\000d\000h\000c\000p\000\137\000m\000e\000s\000s\000a\000g\000e\000\137\000t\000y\000p\000e\000s}{subsection.6.2.2}% 39
\BOOKMARK [3][-]{subsubsection.6.2.2.8}{\376\377\0006\000.\0002\000.\0002\000.\0008\000\040\000s\0001}{subsection.6.2.2}% 40
\BOOKMARK [3][-]{subsubsection.6.2.2.9}{\376\377\0006\000.\0002\000.\0002\000.\0009\000\040\000s\000h\000o\000r\000t\000p\000a\000c\000k}{subsection.6.2.2}% 41
\BOOKMARK [3][-]{subsubsection.6.2.2.10}{\376\377\0006\000.\0002\000.\0002\000.\0001\0000\000\040\000s\000h\000o\000r\000t\000u\000n\000p\000a\000c\000k}{subsection.6.2.2}% 42
\BOOKMARK [1][-]{section.6.3}{\376\377\0006\000.\0003\000\040\000t\000t\000l\000d\000i\000c\000t\000\040\000N\000a\000m\000e\000s\000p\000a\000c\000e\000\040\000R\000e\000f\000e\000r\000e\000n\000c\000e}{chapter.6}% 43
\BOOKMARK [0][-]{chapter.7}{\376\377\0007\000\040\000C\000l\000a\000s\000s\000\040\000D\000o\000c\000u\000m\000e\000n\000t\000a\000t\000i\000o\000n}{}% 44
\BOOKMARK [1][-]{section.7.1}{\376\377\0007\000.\0001\000\040\000d\000h\000c\000p\000.\000A\000L\000L\000\040\000C\000l\000a\000s\000s\000\040\000R\000e\000f\000e\000r\000e\000n\000c\000e}{chapter.7}% 45
\BOOKMARK [2][-]{subsection.7.1.1}{\376\377\0007\000.\0001\000.\0001\000\040\000D\000e\000t\000a\000i\000l\000e\000d\000\040\000D\000e\000s\000c\000r\000i\000p\000t\000i\000o\000n}{section.7.1}% 46
\BOOKMARK [2][-]{subsection.7.1.2}{\376\377\0007\000.\0001\000.\0002\000\040\000M\000e\000m\000b\000e\000r\000\040\000F\000u\000n\000c\000t\000i\000o\000n\000\040\000D\000o\000c\000u\000m\000e\000n\000t\000a\000t\000i\000o\000n}{section.7.1}% 47
\BOOKMARK [3][-]{subsubsection.7.1.2.1}{\376\377\0007\000.\0001\000.\0002\000.\0001\000\040\000\137\000\137\000e\000q\000\137\000\137\000\050\000\051}{subsection.7.1.2}% 48
\BOOKMARK [3][-]{subsubsection.7.1.2.2}{\376\377\0007\000.\0001\000.\0002\000.\0002\000\040\000\137\000\137\000r\000e\000p\000r\000\137\000\137\000\050\000\051}{subsection.7.1.2}% 49
\BOOKMARK [1][-]{section.7.2}{\376\377\0007\000.\0002\000\040\000d\000h\000c\000p\000.\000C\000A\000S\000E\000I\000N\000S\000E\000N\000S\000I\000T\000I\000V\000E\000\040\000C\000l\000a\000s\000s\000\040\000R\000e\000f\000e\000r\000e\000n\000c\000e}{chapter.7}% 50
\BOOKMARK [2][-]{subsection.7.2.1}{\376\377\0007\000.\0002\000.\0001\000\040\000D\000e\000t\000a\000i\000l\000e\000d\000\040\000D\000e\000s\000c\000r\000i\000p\000t\000i\000o\000n}{section.7.2}% 51
\BOOKMARK [2][-]{subsection.7.2.2}{\376\377\0007\000.\0002\000.\0002\000\040\000C\000o\000n\000s\000t\000r\000u\000c\000t\000o\000r\000\040\000\046\000\040\000D\000e\000s\000t\000r\000u\000c\000t\000o\000r\000\040\000D\000o\000c\000u\000m\000e\000n\000t\000a\000t\000i\000o\000n}{section.7.2}% 52
\BOOKMARK [3][-]{subsubsection.7.2.2.1}{\376\377\0007\000.\0002\000.\0002\000.\0001\000\040\000\137\000\137\000i\000n\000i\000t\000\137\000\137\000\050\000\051}{subsection.7.2.2}% 53
\BOOKMARK [2][-]{subsection.7.2.3}{\376\377\0007\000.\0002\000.\0003\000\040\000M\000e\000m\000b\000e\000r\000\040\000F\000u\000n\000c\000t\000i\000o\000n\000\040\000D\000o\000c\000u\000m\000e\000n\000t\000a\000t\000i\000o\000n}{section.7.2}% 54
\BOOKMARK [3][-]{subsubsection.7.2.3.1}{\376\377\0007\000.\0002\000.\0003\000.\0001\000\040\000\137\000\137\000e\000q\000\137\000\137\000\050\000\051}{subsection.7.2.3}% 55
\BOOKMARK [2][-]{subsection.7.2.4}{\376\377\0007\000.\0002\000.\0004\000\040\000M\000e\000m\000b\000e\000r\000\040\000D\000a\000t\000a\000\040\000D\000o\000c\000u\000m\000e\000n\000t\000a\000t\000i\000o\000n}{section.7.2}% 56
\BOOKMARK [3][-]{subsubsection.7.2.4.1}{\376\377\0007\000.\0002\000.\0004\000.\0001\000\040\000s}{subsection.7.2.4}% 57
\BOOKMARK [1][-]{section.7.3}{\376\377\0007\000.\0003\000\040\000d\000h\000c\000p\000.\000C\000S\000V\000D\000a\000t\000a\000b\000a\000s\000e\000\040\000C\000l\000a\000s\000s\000\040\000R\000e\000f\000e\000r\000e\000n\000c\000e}{chapter.7}% 58
\BOOKMARK [2][-]{subsection.7.3.1}{\376\377\0007\000.\0003\000.\0001\000\040\000D\000e\000t\000a\000i\000l\000e\000d\000\040\000D\000e\000s\000c\000r\000i\000p\000t\000i\000o\000n}{section.7.3}% 59
\BOOKMARK [2][-]{subsection.7.3.2}{\376\377\0007\000.\0003\000.\0002\000\040\000C\000o\000n\000s\000t\000r\000u\000c\000t\000o\000r\000\040\000\046\000\040\000D\000e\000s\000t\000r\000u\000c\000t\000o\000r\000\040\000D\000o\000c\000u\000m\000e\000n\000t\000a\000t\000i\000o\000n}{section.7.3}% 60
\BOOKMARK [3][-]{subsubsection.7.3.2.1}{\376\377\0007\000.\0003\000.\0002\000.\0001\000\040\000\137\000\137\000i\000n\000i\000t\000\137\000\137\000\050\000\051}{subsection.7.3.2}% 61
\BOOKMARK [2][-]{subsection.7.3.3}{\376\377\0007\000.\0003\000.\0003\000\040\000M\000e\000m\000b\000e\000r\000\040\000F\000u\000n\000c\000t\000i\000o\000n\000\040\000D\000o\000c\000u\000m\000e\000n\000t\000a\000t\000i\000o\000n}{section.7.3}% 62
\BOOKMARK [3][-]{subsubsection.7.3.3.1}{\376\377\0007\000.\0003\000.\0003\000.\0001\000\040\000a\000d\000d\000\050\000\051}{subsection.7.3.3}% 63
\BOOKMARK [3][-]{subsubsection.7.3.3.2}{\376\377\0007\000.\0003\000.\0003\000.\0002\000\040\000a\000l\000l\000\050\000\051}{subsection.7.3.3}% 64
\BOOKMARK [3][-]{subsubsection.7.3.3.3}{\376\377\0007\000.\0003\000.\0003\000.\0003\000\040\000d\000e\000l\000e\000t\000e\000\050\000\051}{subsection.7.3.3}% 65
\BOOKMARK [3][-]{subsubsection.7.3.3.4}{\376\377\0007\000.\0003\000.\0003\000.\0004\000\040\000f\000i\000l\000e\000\050\000\051}{subsection.7.3.3}% 66
\BOOKMARK [3][-]{subsubsection.7.3.3.5}{\376\377\0007\000.\0003\000.\0003\000.\0005\000\040\000g\000e\000t\000\050\000\051}{subsection.7.3.3}% 67
\BOOKMARK [2][-]{subsection.7.3.4}{\376\377\0007\000.\0003\000.\0004\000\040\000M\000e\000m\000b\000e\000r\000\040\000D\000a\000t\000a\000\040\000D\000o\000c\000u\000m\000e\000n\000t\000a\000t\000i\000o\000n}{section.7.3}% 68
\BOOKMARK [3][-]{subsubsection.7.3.4.1}{\376\377\0007\000.\0003\000.\0004\000.\0001\000\040\000d\000e\000l\000i\000m\000i\000t\000e\000r}{subsection.7.3.4}% 69
\BOOKMARK [3][-]{subsubsection.7.3.4.2}{\376\377\0007\000.\0003\000.\0004\000.\0002\000\040\000f\000i\000l\000e\000\137\000n\000a\000m\000e}{subsection.7.3.4}% 70
\BOOKMARK [1][-]{section.7.4}{\376\377\0007\000.\0004\000\040\000d\000h\000c\000p\000.\000D\000H\000C\000P\000S\000e\000r\000v\000e\000r\000\040\000C\000l\000a\000s\000s\000\040\000R\000e\000f\000e\000r\000e\000n\000c\000e}{chapter.7}% 71
\BOOKMARK [2][-]{subsection.7.4.1}{\376\377\0007\000.\0004\000.\0001\000\040\000D\000e\000t\000a\000i\000l\000e\000d\000\040\000D\000e\000s\000c\000r\000i\000p\000t\000i\000o\000n}{section.7.4}% 72
\BOOKMARK [2][-]{subsection.7.4.2}{\376\377\0007\000.\0004\000.\0002\000\040\000C\000o\000n\000s\000t\000r\000u\000c\000t\000o\000r\000\040\000\046\000\040\000D\000e\000s\000t\000r\000u\000c\000t\000o\000r\000\040\000D\000o\000c\000u\000m\000e\000n\000t\000a\000t\000i\000o\000n}{section.7.4}% 73
\BOOKMARK [3][-]{subsubsection.7.4.2.1}{\376\377\0007\000.\0004\000.\0002\000.\0001\000\040\000\137\000\137\000i\000n\000i\000t\000\137\000\137\000\050\000\051}{subsection.7.4.2}% 74
\BOOKMARK [2][-]{subsection.7.4.3}{\376\377\0007\000.\0004\000.\0003\000\040\000M\000e\000m\000b\000e\000r\000\040\000F\000u\000n\000c\000t\000i\000o\000n\000\040\000D\000o\000c\000u\000m\000e\000n\000t\000a\000t\000i\000o\000n}{section.7.4}% 75
\BOOKMARK [3][-]{subsubsection.7.4.3.1}{\376\377\0007\000.\0004\000.\0003\000.\0001\000\040\000b\000r\000o\000a\000d\000c\000a\000s\000t\000\050\000\051}{subsection.7.4.3}% 76
\BOOKMARK [3][-]{subsubsection.7.4.3.2}{\376\377\0007\000.\0004\000.\0003\000.\0002\000\040\000c\000l\000i\000e\000n\000t\000\137\000h\000a\000s\000\137\000c\000h\000o\000s\000e\000n\000\050\000\051}{subsection.7.4.3}% 77
\BOOKMARK [3][-]{subsubsection.7.4.3.3}{\376\377\0007\000.\0004\000.\0003\000.\0003\000\040\000c\000l\000o\000s\000e\000\050\000\051}{subsection.7.4.3}% 78
\BOOKMARK [3][-]{subsubsection.7.4.3.4}{\376\377\0007\000.\0004\000.\0003\000.\0004\000\040\000d\000e\000b\000u\000g\000\137\000c\000l\000i\000e\000n\000t\000s\000\050\000\051}{subsection.7.4.3}% 79
\BOOKMARK [3][-]{subsubsection.7.4.3.5}{\376\377\0007\000.\0004\000.\0003\000.\0005\000\040\000g\000e\000t\000\137\000a\000l\000l\000\137\000h\000o\000s\000t\000s\000\050\000\051}{subsection.7.4.3}% 80
\BOOKMARK [3][-]{subsubsection.7.4.3.6}{\376\377\0007\000.\0004\000.\0003\000.\0006\000\040\000g\000e\000t\000\137\000c\000u\000r\000r\000e\000n\000t\000\137\000h\000o\000s\000t\000s\000\050\000\051}{subsection.7.4.3}% 81
\BOOKMARK [3][-]{subsubsection.7.4.3.7}{\376\377\0007\000.\0004\000.\0003\000.\0007\000\040\000g\000e\000t\000\137\000i\000p\000\137\000a\000d\000d\000r\000e\000s\000s\000\050\000\051}{subsection.7.4.3}% 82
\BOOKMARK [3][-]{subsubsection.7.4.3.8}{\376\377\0007\000.\0004\000.\0003\000.\0008\000\040\000i\000s\000\137\000v\000a\000l\000i\000d\000\137\000c\000l\000i\000e\000n\000t\000\137\000a\000d\000d\000r\000e\000s\000s\000\050\000\051}{subsection.7.4.3}% 83
\BOOKMARK [3][-]{subsubsection.7.4.3.9}{\376\377\0007\000.\0004\000.\0003\000.\0009\000\040\000r\000e\000c\000e\000i\000v\000e\000d\000\050\000\051}{subsection.7.4.3}% 84
\BOOKMARK [3][-]{subsubsection.7.4.3.10}{\376\377\0007\000.\0004\000.\0003\000.\0001\0000\000\040\000r\000u\000n\000\050\000\051}{subsection.7.4.3}% 85
\BOOKMARK [3][-]{subsubsection.7.4.3.11}{\376\377\0007\000.\0004\000.\0003\000.\0001\0001\000\040\000r\000u\000n\000\137\000i\000n\000\137\000t\000h\000r\000e\000a\000d\000\050\000\051}{subsection.7.4.3}% 86
\BOOKMARK [3][-]{subsubsection.7.4.3.12}{\376\377\0007\000.\0004\000.\0003\000.\0001\0002\000\040\000s\000e\000r\000v\000e\000r\000\137\000i\000d\000e\000n\000t\000i\000f\000i\000e\000r\000s\000\050\000\051}{subsection.7.4.3}% 87
\BOOKMARK [3][-]{subsubsection.7.4.3.13}{\376\377\0007\000.\0004\000.\0003\000.\0001\0003\000\040\000u\000p\000d\000a\000t\000e\000\050\000\051}{subsection.7.4.3}% 88
\BOOKMARK [2][-]{subsection.7.4.4}{\376\377\0007\000.\0004\000.\0004\000\040\000M\000e\000m\000b\000e\000r\000\040\000D\000a\000t\000a\000\040\000D\000o\000c\000u\000m\000e\000n\000t\000a\000t\000i\000o\000n}{section.7.4}% 89
\BOOKMARK [3][-]{subsubsection.7.4.4.1}{\376\377\0007\000.\0004\000.\0004\000.\0001\000\040\000c\000l\000o\000s\000e\000d}{subsection.7.4.4}% 90
\BOOKMARK [3][-]{subsubsection.7.4.4.2}{\376\377\0007\000.\0004\000.\0004\000.\0002\000\040\000c\000o\000n\000f\000i\000g\000u\000r\000a\000t\000i\000o\000n}{subsection.7.4.4}% 91
\BOOKMARK [3][-]{subsubsection.7.4.4.3}{\376\377\0007\000.\0004\000.\0004\000.\0003\000\040\000d\000e\000l\000a\000y\000\137\000w\000o\000r\000k\000e\000r}{subsection.7.4.4}% 92
\BOOKMARK [3][-]{subsubsection.7.4.4.4}{\376\377\0007\000.\0004\000.\0004\000.\0004\000\040\000h\000o\000s\000t\000s}{subsection.7.4.4}% 93
\BOOKMARK [3][-]{subsubsection.7.4.4.5}{\376\377\0007\000.\0004\000.\0004\000.\0005\000\040\000s\000o\000c\000k\000e\000t}{subsection.7.4.4}% 94
\BOOKMARK [3][-]{subsubsection.7.4.4.6}{\376\377\0007\000.\0004\000.\0004\000.\0006\000\040\000t\000i\000m\000e\000\137\000s\000t\000a\000r\000t\000e\000d}{subsection.7.4.4}% 95
\BOOKMARK [3][-]{subsubsection.7.4.4.7}{\376\377\0007\000.\0004\000.\0004\000.\0007\000\040\000t\000r\000a\000n\000s\000a\000c\000t\000i\000o\000n\000s}{subsection.7.4.4}% 96
\BOOKMARK [1][-]{section.7.5}{\376\377\0007\000.\0005\000\040\000d\000h\000c\000p\000.\000D\000H\000C\000P\000S\000e\000r\000v\000e\000r\000C\000o\000n\000f\000i\000g\000u\000r\000a\000t\000i\000o\000n\000\040\000C\000l\000a\000s\000s\000\040\000R\000e\000f\000e\000r\000e\000n\000c\000e}{chapter.7}% 97
\BOOKMARK [2][-]{subsection.7.5.1}{\376\377\0007\000.\0005\000.\0001\000\040\000D\000e\000t\000a\000i\000l\000e\000d\000\040\000D\000e\000s\000c\000r\000i\000p\000t\000i\000o\000n}{section.7.5}% 98
\BOOKMARK [2][-]{subsection.7.5.2}{\376\377\0007\000.\0005\000.\0002\000\040\000M\000e\000m\000b\000e\000r\000\040\000F\000u\000n\000c\000t\000i\000o\000n\000\040\000D\000o\000c\000u\000m\000e\000n\000t\000a\000t\000i\000o\000n}{section.7.5}% 99
\BOOKMARK [3][-]{subsubsection.7.5.2.1}{\376\377\0007\000.\0005\000.\0002\000.\0001\000\040\000a\000d\000j\000u\000s\000t\000\137\000i\000f\000\137\000t\000h\000i\000s\000\137\000c\000o\000m\000p\000u\000t\000e\000r\000\137\000i\000s\000\137\000a\000\137\000r\000o\000u\000t\000e\000r\000\050\000\051}{subsection.7.5.2}% 100
\BOOKMARK [3][-]{subsubsection.7.5.2.2}{\376\377\0007\000.\0005\000.\0002\000.\0002\000\040\000a\000l\000l\000\137\000i\000p\000\137\000a\000d\000d\000r\000e\000s\000s\000e\000s\000\050\000\051}{subsection.7.5.2}% 101
\BOOKMARK [3][-]{subsubsection.7.5.2.3}{\376\377\0007\000.\0005\000.\0002\000.\0003\000\040\000l\000o\000a\000d\000\050\000\051}{subsection.7.5.2}% 102
\BOOKMARK [3][-]{subsubsection.7.5.2.4}{\376\377\0007\000.\0005\000.\0002\000.\0004\000\040\000n\000e\000t\000w\000o\000r\000k\000\137\000f\000i\000l\000t\000e\000r\000\050\000\051}{subsection.7.5.2}% 103
\BOOKMARK [2][-]{subsection.7.5.3}{\376\377\0007\000.\0005\000.\0003\000\040\000M\000e\000m\000b\000e\000r\000\040\000D\000a\000t\000a\000\040\000D\000o\000c\000u\000m\000e\000n\000t\000a\000t\000i\000o\000n}{section.7.5}% 104
\BOOKMARK [3][-]{subsubsection.7.5.3.1}{\376\377\0007\000.\0005\000.\0003\000.\0001\000\040\000b\000r\000o\000a\000d\000c\000a\000s\000t\000\137\000a\000d\000d\000r\000e\000s\000s\000\040\000[\0001\000/\0002\000]}{subsection.7.5.3}% 105
\BOOKMARK [3][-]{subsubsection.7.5.3.2}{\376\377\0007\000.\0005\000.\0003\000.\0002\000\040\000b\000r\000o\000a\000d\000c\000a\000s\000t\000\137\000a\000d\000d\000r\000e\000s\000s\000\040\000[\0002\000/\0002\000]}{subsection.7.5.3}% 106
\BOOKMARK [3][-]{subsubsection.7.5.3.3}{\376\377\0007\000.\0005\000.\0003\000.\0003\000\040\000d\000e\000b\000u\000g}{subsection.7.5.3}% 107
\BOOKMARK [3][-]{subsubsection.7.5.3.4}{\376\377\0007\000.\0005\000.\0003\000.\0004\000\040\000d\000h\000c\000p\000\137\000a\000c\000k\000n\000o\000w\000l\000e\000d\000g\000e\000\137\000a\000f\000t\000e\000r\000\137\000s\000e\000c\000o\000n\000d\000s}{subsection.7.5.3}% 108
\BOOKMARK [3][-]{subsubsection.7.5.3.5}{\376\377\0007\000.\0005\000.\0003\000.\0005\000\040\000d\000h\000c\000p\000\137\000o\000f\000f\000e\000r\000\137\000a\000f\000t\000e\000r\000\137\000s\000e\000c\000o\000n\000d\000s}{subsection.7.5.3}% 109
\BOOKMARK [3][-]{subsubsection.7.5.3.6}{\376\377\0007\000.\0005\000.\0003\000.\0006\000\040\000d\000o\000m\000a\000i\000n\000\137\000n\000a\000m\000e\000\137\000s\000e\000r\000v\000e\000r}{subsection.7.5.3}% 110
\BOOKMARK [3][-]{subsubsection.7.5.3.7}{\376\377\0007\000.\0005\000.\0003\000.\0007\000\040\000h\000o\000s\000t\000\137\000f\000i\000l\000e}{subsection.7.5.3}% 111
\BOOKMARK [3][-]{subsubsection.7.5.3.8}{\376\377\0007\000.\0005\000.\0003\000.\0008\000\040\000i\000p\000\137\000a\000d\000d\000r\000e\000s\000s\000\137\000l\000e\000a\000s\000e\000\137\000t\000i\000m\000e}{subsection.7.5.3}% 112
\BOOKMARK [3][-]{subsubsection.7.5.3.9}{\376\377\0007\000.\0005\000.\0003\000.\0009\000\040\000l\000e\000n\000g\000t\000h\000\137\000o\000f\000\137\000t\000r\000a\000n\000s\000a\000c\000t\000i\000o\000n}{subsection.7.5.3}% 113
\BOOKMARK [3][-]{subsubsection.7.5.3.10}{\376\377\0007\000.\0005\000.\0003\000.\0001\0000\000\040\000n\000e\000t\000w\000o\000r\000k\000\040\000[\0001\000/\0002\000]}{subsection.7.5.3}% 114
\BOOKMARK [3][-]{subsubsection.7.5.3.11}{\376\377\0007\000.\0005\000.\0003\000.\0001\0001\000\040\000n\000e\000t\000w\000o\000r\000k\000\040\000[\0002\000/\0002\000]}{subsection.7.5.3}% 115
\BOOKMARK [3][-]{subsubsection.7.5.3.12}{\376\377\0007\000.\0005\000.\0003\000.\0001\0002\000\040\000r\000o\000u\000t\000e\000r}{subsection.7.5.3}% 116
\BOOKMARK [3][-]{subsubsection.7.5.3.13}{\376\377\0007\000.\0005\000.\0003\000.\0001\0003\000\040\000s\000u\000b\000n\000e\000t\000\137\000m\000a\000s\000k}{subsection.7.5.3}% 117
\BOOKMARK [1][-]{section.7.6}{\376\377\0007\000.\0006\000\040\000d\000h\000c\000p\000.\000D\000H\000C\000P\000T\000r\000a\000n\000s\000a\000c\000t\000i\000o\000n\000\040\000C\000l\000a\000s\000s\000\040\000R\000e\000f\000e\000r\000e\000n\000c\000e}{chapter.7}% 118
\BOOKMARK [2][-]{subsection.7.6.1}{\376\377\0007\000.\0006\000.\0001\000\040\000D\000e\000t\000a\000i\000l\000e\000d\000\040\000D\000e\000s\000c\000r\000i\000p\000t\000i\000o\000n}{section.7.6}% 119
\BOOKMARK [2][-]{subsection.7.6.2}{\376\377\0007\000.\0006\000.\0002\000\040\000C\000o\000n\000s\000t\000r\000u\000c\000t\000o\000r\000\040\000\046\000\040\000D\000e\000s\000t\000r\000u\000c\000t\000o\000r\000\040\000D\000o\000c\000u\000m\000e\000n\000t\000a\000t\000i\000o\000n}{section.7.6}% 120
\BOOKMARK [3][-]{subsubsection.7.6.2.1}{\376\377\0007\000.\0006\000.\0002\000.\0001\000\040\000\137\000\137\000i\000n\000i\000t\000\137\000\137\000\050\000\051}{subsection.7.6.2}% 121
\BOOKMARK [2][-]{subsection.7.6.3}{\376\377\0007\000.\0006\000.\0003\000\040\000M\000e\000m\000b\000e\000r\000\040\000F\000u\000n\000c\000t\000i\000o\000n\000\040\000D\000o\000c\000u\000m\000e\000n\000t\000a\000t\000i\000o\000n}{section.7.6}% 122
\BOOKMARK [3][-]{subsubsection.7.6.3.1}{\376\377\0007\000.\0006\000.\0003\000.\0001\000\040\000a\000c\000k\000n\000o\000w\000l\000e\000d\000g\000e\000\050\000\051}{subsection.7.6.3}% 123
\BOOKMARK [3][-]{subsubsection.7.6.3.2}{\376\377\0007\000.\0006\000.\0003\000.\0002\000\040\000c\000l\000o\000s\000e\000\050\000\051}{subsection.7.6.3}% 124
\BOOKMARK [3][-]{subsubsection.7.6.3.3}{\376\377\0007\000.\0006\000.\0003\000.\0003\000\040\000i\000s\000\137\000d\000o\000n\000e\000\050\000\051}{subsection.7.6.3}% 125
\BOOKMARK [3][-]{subsubsection.7.6.3.4}{\376\377\0007\000.\0006\000.\0003\000.\0004\000\040\000r\000e\000c\000e\000i\000v\000e\000\050\000\051}{subsection.7.6.3}% 126
\BOOKMARK [3][-]{subsubsection.7.6.3.5}{\376\377\0007\000.\0006\000.\0003\000.\0005\000\040\000r\000e\000c\000e\000i\000v\000e\000d\000\137\000d\000h\000c\000p\000\137\000d\000i\000s\000c\000o\000v\000e\000r\000\050\000\051}{subsection.7.6.3}% 127
\BOOKMARK [3][-]{subsubsection.7.6.3.6}{\376\377\0007\000.\0006\000.\0003\000.\0006\000\040\000r\000e\000c\000e\000i\000v\000e\000d\000\137\000d\000h\000c\000p\000\137\000i\000n\000f\000o\000r\000m\000\050\000\051}{subsection.7.6.3}% 128
\BOOKMARK [3][-]{subsubsection.7.6.3.7}{\376\377\0007\000.\0006\000.\0003\000.\0007\000\040\000r\000e\000c\000e\000i\000v\000e\000d\000\137\000d\000h\000c\000p\000\137\000r\000e\000q\000u\000e\000s\000t\000\050\000\051}{subsection.7.6.3}% 129
\BOOKMARK [3][-]{subsubsection.7.6.3.8}{\376\377\0007\000.\0006\000.\0003\000.\0008\000\040\000s\000e\000n\000d\000\137\000o\000f\000f\000e\000r\000\050\000\051}{subsection.7.6.3}% 130
\BOOKMARK [2][-]{subsection.7.6.4}{\376\377\0007\000.\0006\000.\0004\000\040\000M\000e\000m\000b\000e\000r\000\040\000D\000a\000t\000a\000\040\000D\000o\000c\000u\000m\000e\000n\000t\000a\000t\000i\000o\000n}{section.7.6}% 131
\BOOKMARK [3][-]{subsubsection.7.6.4.1}{\376\377\0007\000.\0006\000.\0004\000.\0001\000\040\000c\000o\000n\000f\000i\000g\000u\000r\000a\000t\000i\000o\000n}{subsection.7.6.4}% 132
\BOOKMARK [3][-]{subsubsection.7.6.4.2}{\376\377\0007\000.\0006\000.\0004\000.\0002\000\040\000d\000e\000b\000u\000g}{subsection.7.6.4}% 133
\BOOKMARK [3][-]{subsubsection.7.6.4.3}{\376\377\0007\000.\0006\000.\0004\000.\0003\000\040\000d\000o\000\137\000a\000f\000t\000e\000r}{subsection.7.6.4}% 134
\BOOKMARK [3][-]{subsubsection.7.6.4.4}{\376\377\0007\000.\0006\000.\0004\000.\0004\000\040\000d\000o\000n\000e}{subsection.7.6.4}% 135
\BOOKMARK [3][-]{subsubsection.7.6.4.5}{\376\377\0007\000.\0006\000.\0004\000.\0005\000\040\000d\000o\000n\000e\000\137\000t\000i\000m\000e}{subsection.7.6.4}% 136
\BOOKMARK [3][-]{subsubsection.7.6.4.6}{\376\377\0007\000.\0006\000.\0004\000.\0006\000\040\000p\000a\000c\000k\000e\000t\000s}{subsection.7.6.4}% 137
\BOOKMARK [3][-]{subsubsection.7.6.4.7}{\376\377\0007\000.\0006\000.\0004\000.\0007\000\040\000s\000e\000r\000v\000e\000r}{subsection.7.6.4}% 138
\BOOKMARK [1][-]{section.7.7}{\376\377\0007\000.\0007\000\040\000d\000h\000c\000p\000.\000G\000R\000E\000A\000T\000E\000R\000\040\000C\000l\000a\000s\000s\000\040\000R\000e\000f\000e\000r\000e\000n\000c\000e}{chapter.7}% 139
\BOOKMARK [2][-]{subsection.7.7.1}{\376\377\0007\000.\0007\000.\0001\000\040\000D\000e\000t\000a\000i\000l\000e\000d\000\040\000D\000e\000s\000c\000r\000i\000p\000t\000i\000o\000n}{section.7.7}% 140
\BOOKMARK [2][-]{subsection.7.7.2}{\376\377\0007\000.\0007\000.\0002\000\040\000C\000o\000n\000s\000t\000r\000u\000c\000t\000o\000r\000\040\000\046\000\040\000D\000e\000s\000t\000r\000u\000c\000t\000o\000r\000\040\000D\000o\000c\000u\000m\000e\000n\000t\000a\000t\000i\000o\000n}{section.7.7}% 141
\BOOKMARK [3][-]{subsubsection.7.7.2.1}{\376\377\0007\000.\0007\000.\0002\000.\0001\000\040\000\137\000\137\000i\000n\000i\000t\000\137\000\137\000\050\000\051}{subsection.7.7.2}% 142
\BOOKMARK [2][-]{subsection.7.7.3}{\376\377\0007\000.\0007\000.\0003\000\040\000M\000e\000m\000b\000e\000r\000\040\000F\000u\000n\000c\000t\000i\000o\000n\000\040\000D\000o\000c\000u\000m\000e\000n\000t\000a\000t\000i\000o\000n}{section.7.7}% 143
\BOOKMARK [3][-]{subsubsection.7.7.3.1}{\376\377\0007\000.\0007\000.\0003\000.\0001\000\040\000\137\000\137\000e\000q\000\137\000\137\000\050\000\051}{subsection.7.7.3}% 144
\BOOKMARK [2][-]{subsection.7.7.4}{\376\377\0007\000.\0007\000.\0004\000\040\000M\000e\000m\000b\000e\000r\000\040\000D\000a\000t\000a\000\040\000D\000o\000c\000u\000m\000e\000n\000t\000a\000t\000i\000o\000n}{section.7.7}% 145
\BOOKMARK [3][-]{subsubsection.7.7.4.1}{\376\377\0007\000.\0007\000.\0004\000.\0001\000\040\000v\000a\000l\000u\000e}{subsection.7.7.4}% 146
\BOOKMARK [1][-]{section.7.8}{\376\377\0007\000.\0008\000\040\000d\000h\000c\000p\000.\000H\000o\000s\000t\000\040\000C\000l\000a\000s\000s\000\040\000R\000e\000f\000e\000r\000e\000n\000c\000e}{chapter.7}% 147
\BOOKMARK [2][-]{subsection.7.8.1}{\376\377\0007\000.\0008\000.\0001\000\040\000D\000e\000t\000a\000i\000l\000e\000d\000\040\000D\000e\000s\000c\000r\000i\000p\000t\000i\000o\000n}{section.7.8}% 148
\BOOKMARK [2][-]{subsection.7.8.2}{\376\377\0007\000.\0008\000.\0002\000\040\000C\000o\000n\000s\000t\000r\000u\000c\000t\000o\000r\000\040\000\046\000\040\000D\000e\000s\000t\000r\000u\000c\000t\000o\000r\000\040\000D\000o\000c\000u\000m\000e\000n\000t\000a\000t\000i\000o\000n}{section.7.8}% 149
\BOOKMARK [3][-]{subsubsection.7.8.2.1}{\376\377\0007\000.\0008\000.\0002\000.\0001\000\040\000\137\000\137\000i\000n\000i\000t\000\137\000\137\000\050\000\051}{subsection.7.8.2}% 150
\BOOKMARK [2][-]{subsection.7.8.3}{\376\377\0007\000.\0008\000.\0003\000\040\000M\000e\000m\000b\000e\000r\000\040\000F\000u\000n\000c\000t\000i\000o\000n\000\040\000D\000o\000c\000u\000m\000e\000n\000t\000a\000t\000i\000o\000n}{section.7.8}% 151
\BOOKMARK [3][-]{subsubsection.7.8.3.1}{\376\377\0007\000.\0008\000.\0003\000.\0001\000\040\000\137\000\137\000e\000q\000\137\000\137\000\050\000\051}{subsection.7.8.3}% 152
\BOOKMARK [3][-]{subsubsection.7.8.3.2}{\376\377\0007\000.\0008\000.\0003\000.\0002\000\040\000\137\000\137\000h\000a\000s\000h\000\137\000\137\000\050\000\051}{subsection.7.8.3}% 153
\BOOKMARK [3][-]{subsubsection.7.8.3.3}{\376\377\0007\000.\0008\000.\0003\000.\0003\000\040\000f\000r\000o\000m\000\137\000p\000a\000c\000k\000e\000t\000\050\000\051}{subsection.7.8.3}% 154
\BOOKMARK [3][-]{subsubsection.7.8.3.4}{\376\377\0007\000.\0008\000.\0003\000.\0004\000\040\000f\000r\000o\000m\000\137\000t\000u\000p\000l\000e\000\050\000\051}{subsection.7.8.3}% 155
\BOOKMARK [3][-]{subsubsection.7.8.3.5}{\376\377\0007\000.\0008\000.\0003\000.\0005\000\040\000g\000e\000t\000\137\000p\000a\000t\000t\000e\000r\000n\000\050\000\051}{subsection.7.8.3}% 156
\BOOKMARK [3][-]{subsubsection.7.8.3.6}{\376\377\0007\000.\0008\000.\0003\000.\0006\000\040\000h\000a\000s\000\137\000v\000a\000l\000i\000d\000\137\000i\000p\000\050\000\051}{subsection.7.8.3}% 157
\BOOKMARK [3][-]{subsubsection.7.8.3.7}{\376\377\0007\000.\0008\000.\0003\000.\0007\000\040\000t\000o\000\137\000p\000a\000t\000t\000e\000r\000n\000\050\000\051}{subsection.7.8.3}% 158
\BOOKMARK [3][-]{subsubsection.7.8.3.8}{\376\377\0007\000.\0008\000.\0003\000.\0008\000\040\000t\000o\000\137\000t\000u\000p\000l\000e\000\050\000\051}{subsection.7.8.3}% 159
\BOOKMARK [2][-]{subsection.7.8.4}{\376\377\0007\000.\0008\000.\0004\000\040\000M\000e\000m\000b\000e\000r\000\040\000D\000a\000t\000a\000\040\000D\000o\000c\000u\000m\000e\000n\000t\000a\000t\000i\000o\000n}{section.7.8}% 160
\BOOKMARK [3][-]{subsubsection.7.8.4.1}{\376\377\0007\000.\0008\000.\0004\000.\0001\000\040\000h\000o\000s\000t\000n\000a\000m\000e}{subsection.7.8.4}% 161
\BOOKMARK [3][-]{subsubsection.7.8.4.2}{\376\377\0007\000.\0008\000.\0004\000.\0002\000\040\000i\000p}{subsection.7.8.4}% 162
\BOOKMARK [3][-]{subsubsection.7.8.4.3}{\376\377\0007\000.\0008\000.\0004\000.\0003\000\040\000l\000a\000s\000t\000\137\000u\000s\000e\000d}{subsection.7.8.4}% 163
\BOOKMARK [3][-]{subsubsection.7.8.4.4}{\376\377\0007\000.\0008\000.\0004\000.\0004\000\040\000m\000a\000c}{subsection.7.8.4}% 164
\BOOKMARK [1][-]{section.7.9}{\376\377\0007\000.\0009\000\040\000d\000h\000c\000p\000.\000H\000o\000s\000t\000D\000a\000t\000a\000b\000a\000s\000e\000\040\000C\000l\000a\000s\000s\000\040\000R\000e\000f\000e\000r\000e\000n\000c\000e}{chapter.7}% 165
\BOOKMARK [2][-]{subsection.7.9.1}{\376\377\0007\000.\0009\000.\0001\000\040\000D\000e\000t\000a\000i\000l\000e\000d\000\040\000D\000e\000s\000c\000r\000i\000p\000t\000i\000o\000n}{section.7.9}% 166
\BOOKMARK [2][-]{subsection.7.9.2}{\376\377\0007\000.\0009\000.\0002\000\040\000C\000o\000n\000s\000t\000r\000u\000c\000t\000o\000r\000\040\000\046\000\040\000D\000e\000s\000t\000r\000u\000c\000t\000o\000r\000\040\000D\000o\000c\000u\000m\000e\000n\000t\000a\000t\000i\000o\000n}{section.7.9}% 167
\BOOKMARK [3][-]{subsubsection.7.9.2.1}{\376\377\0007\000.\0009\000.\0002\000.\0001\000\040\000\137\000\137\000i\000n\000i\000t\000\137\000\137\000\050\000\051}{subsection.7.9.2}% 168
\BOOKMARK [2][-]{subsection.7.9.3}{\376\377\0007\000.\0009\000.\0003\000\040\000M\000e\000m\000b\000e\000r\000\040\000F\000u\000n\000c\000t\000i\000o\000n\000\040\000D\000o\000c\000u\000m\000e\000n\000t\000a\000t\000i\000o\000n}{section.7.9}% 169
\BOOKMARK [3][-]{subsubsection.7.9.3.1}{\376\377\0007\000.\0009\000.\0003\000.\0001\000\040\000a\000d\000d\000\050\000\051}{subsection.7.9.3}% 170
\BOOKMARK [3][-]{subsubsection.7.9.3.2}{\376\377\0007\000.\0009\000.\0003\000.\0002\000\040\000a\000l\000l\000\050\000\051}{subsection.7.9.3}% 171
\BOOKMARK [3][-]{subsubsection.7.9.3.3}{\376\377\0007\000.\0009\000.\0003\000.\0003\000\040\000d\000e\000l\000e\000t\000e\000\050\000\051}{subsection.7.9.3}% 172
\BOOKMARK [3][-]{subsubsection.7.9.3.4}{\376\377\0007\000.\0009\000.\0003\000.\0004\000\040\000g\000e\000t\000\050\000\051}{subsection.7.9.3}% 173
\BOOKMARK [3][-]{subsubsection.7.9.3.5}{\376\377\0007\000.\0009\000.\0003\000.\0005\000\040\000r\000e\000p\000l\000a\000c\000e\000\050\000\051}{subsection.7.9.3}% 174
\BOOKMARK [2][-]{subsection.7.9.4}{\376\377\0007\000.\0009\000.\0004\000\040\000M\000e\000m\000b\000e\000r\000\040\000D\000a\000t\000a\000\040\000D\000o\000c\000u\000m\000e\000n\000t\000a\000t\000i\000o\000n}{section.7.9}% 175
\BOOKMARK [3][-]{subsubsection.7.9.4.1}{\376\377\0007\000.\0009\000.\0004\000.\0001\000\040\000d\000b}{subsection.7.9.4}% 176
\BOOKMARK [1][-]{section.7.10}{\376\377\0007\000.\0001\0000\000\040\000d\000h\000c\000p\000.\000N\000E\000T\000W\000O\000R\000K\000\040\000C\000l\000a\000s\000s\000\040\000R\000e\000f\000e\000r\000e\000n\000c\000e}{chapter.7}% 177
\BOOKMARK [2][-]{subsection.7.10.1}{\376\377\0007\000.\0001\0000\000.\0001\000\040\000D\000e\000t\000a\000i\000l\000e\000d\000\040\000D\000e\000s\000c\000r\000i\000p\000t\000i\000o\000n}{section.7.10}% 178
\BOOKMARK [2][-]{subsection.7.10.2}{\376\377\0007\000.\0001\0000\000.\0002\000\040\000C\000o\000n\000s\000t\000r\000u\000c\000t\000o\000r\000\040\000\046\000\040\000D\000e\000s\000t\000r\000u\000c\000t\000o\000r\000\040\000D\000o\000c\000u\000m\000e\000n\000t\000a\000t\000i\000o\000n}{section.7.10}% 179
\BOOKMARK [3][-]{subsubsection.7.10.2.1}{\376\377\0007\000.\0001\0000\000.\0002\000.\0001\000\040\000\137\000\137\000i\000n\000i\000t\000\137\000\137\000\050\000\051}{subsection.7.10.2}% 180
\BOOKMARK [2][-]{subsection.7.10.3}{\376\377\0007\000.\0001\0000\000.\0003\000\040\000M\000e\000m\000b\000e\000r\000\040\000F\000u\000n\000c\000t\000i\000o\000n\000\040\000D\000o\000c\000u\000m\000e\000n\000t\000a\000t\000i\000o\000n}{section.7.10}% 181
\BOOKMARK [3][-]{subsubsection.7.10.3.1}{\376\377\0007\000.\0001\0000\000.\0003\000.\0001\000\040\000\137\000\137\000e\000q\000\137\000\137\000\050\000\051}{subsection.7.10.3}% 182
\BOOKMARK [2][-]{subsection.7.10.4}{\376\377\0007\000.\0001\0000\000.\0004\000\040\000M\000e\000m\000b\000e\000r\000\040\000D\000a\000t\000a\000\040\000D\000o\000c\000u\000m\000e\000n\000t\000a\000t\000i\000o\000n}{section.7.10}% 183
\BOOKMARK [3][-]{subsubsection.7.10.4.1}{\376\377\0007\000.\0001\0000\000.\0004\000.\0001\000\040\000n\000e\000t\000w\000o\000r\000k}{subsection.7.10.4}% 184
\BOOKMARK [3][-]{subsubsection.7.10.4.2}{\376\377\0007\000.\0001\0000\000.\0004\000.\0002\000\040\000s\000u\000b\000n\000e\000t\000\137\000m\000a\000s\000k}{subsection.7.10.4}% 185
\BOOKMARK [1][-]{section.7.11}{\376\377\0007\000.\0001\0001\000\040\000d\000h\000c\000p\000.\000P\000r\000i\000o\000r\000i\000t\000y\000Q\000u\000e\000u\000e\000\040\000C\000l\000a\000s\000s\000\040\000R\000e\000f\000e\000r\000e\000n\000c\000e}{chapter.7}% 186
\BOOKMARK [2][-]{subsection.7.11.1}{\376\377\0007\000.\0001\0001\000.\0001\000\040\000D\000e\000t\000a\000i\000l\000e\000d\000\040\000D\000e\000s\000c\000r\000i\000p\000t\000i\000o\000n}{section.7.11}% 187
\BOOKMARK [2][-]{subsection.7.11.2}{\376\377\0007\000.\0001\0001\000.\0002\000\040\000C\000o\000n\000s\000t\000r\000u\000c\000t\000o\000r\000\040\000\046\000\040\000D\000e\000s\000t\000r\000u\000c\000t\000o\000r\000\040\000D\000o\000c\000u\000m\000e\000n\000t\000a\000t\000i\000o\000n}{section.7.11}% 188
\BOOKMARK [3][-]{subsubsection.7.11.2.1}{\376\377\0007\000.\0001\0001\000.\0002\000.\0001\000\040\000\137\000\137\000i\000n\000i\000t\000\137\000\137\000\050\000\051}{subsection.7.11.2}% 189
\BOOKMARK [2][-]{subsection.7.11.3}{\376\377\0007\000.\0001\0001\000.\0003\000\040\000M\000e\000m\000b\000e\000r\000\040\000F\000u\000n\000c\000t\000i\000o\000n\000\040\000D\000o\000c\000u\000m\000e\000n\000t\000a\000t\000i\000o\000n}{section.7.11}% 190
\BOOKMARK [3][-]{subsubsection.7.11.3.1}{\376\377\0007\000.\0001\0001\000.\0003\000.\0001\000\040\000g\000e\000t\000\050\000\051}{subsection.7.11.3}% 191
\BOOKMARK [3][-]{subsubsection.7.11.3.2}{\376\377\0007\000.\0001\0001\000.\0003\000.\0002\000\040\000p\000u\000t\000\050\000\051}{subsection.7.11.3}% 192
\BOOKMARK [3][-]{subsubsection.7.11.3.3}{\376\377\0007\000.\0001\0001\000.\0003\000.\0003\000\040\000q\000s\000i\000z\000e\000\050\000\051}{subsection.7.11.3}% 193
\BOOKMARK [1][-]{section.7.12}{\376\377\0007\000.\0001\0002\000\040\000l\000i\000s\000t\000e\000n\000e\000r\000.\000R\000e\000a\000d\000B\000o\000o\000t\000P\000r\000o\000t\000o\000c\000o\000l\000P\000a\000c\000k\000e\000t\000\040\000C\000l\000a\000s\000s\000\040\000R\000e\000f\000e\000r\000e\000n\000c\000e}{chapter.7}% 194
\BOOKMARK [2][-]{subsection.7.12.1}{\376\377\0007\000.\0001\0002\000.\0001\000\040\000D\000e\000t\000a\000i\000l\000e\000d\000\040\000D\000e\000s\000c\000r\000i\000p\000t\000i\000o\000n}{section.7.12}% 195
\BOOKMARK [2][-]{subsection.7.12.2}{\376\377\0007\000.\0001\0002\000.\0002\000\040\000C\000o\000n\000s\000t\000r\000u\000c\000t\000o\000r\000\040\000\046\000\040\000D\000e\000s\000t\000r\000u\000c\000t\000o\000r\000\040\000D\000o\000c\000u\000m\000e\000n\000t\000a\000t\000i\000o\000n}{section.7.12}% 196
\BOOKMARK [3][-]{subsubsection.7.12.2.1}{\376\377\0007\000.\0001\0002\000.\0002\000.\0001\000\040\000\137\000\137\000i\000n\000i\000t\000\137\000\137\000\050\000\051}{subsection.7.12.2}% 197
\BOOKMARK [2][-]{subsection.7.12.3}{\376\377\0007\000.\0001\0002\000.\0003\000\040\000M\000e\000m\000b\000e\000r\000\040\000F\000u\000n\000c\000t\000i\000o\000n\000\040\000D\000o\000c\000u\000m\000e\000n\000t\000a\000t\000i\000o\000n}{section.7.12}% 198
\BOOKMARK [3][-]{subsubsection.7.12.3.1}{\376\377\0007\000.\0001\0002\000.\0003\000.\0001\000\040\000\137\000\137\000c\000o\000n\000t\000a\000i\000n\000s\000\137\000\137\000\050\000\051}{subsection.7.12.3}% 199
\BOOKMARK [3][-]{subsubsection.7.12.3.2}{\376\377\0007\000.\0001\0002\000.\0003\000.\0002\000\040\000\137\000\137\000g\000e\000t\000i\000t\000e\000m\000\137\000\137\000\050\000\051}{subsection.7.12.3}% 200
\BOOKMARK [3][-]{subsubsection.7.12.3.3}{\376\377\0007\000.\0001\0002\000.\0003\000.\0003\000\040\000\137\000\137\000g\000t\000\137\000\137\000\050\000\051}{subsection.7.12.3}% 201
\BOOKMARK [3][-]{subsubsection.7.12.3.4}{\376\377\0007\000.\0001\0002\000.\0003\000.\0004\000\040\000\137\000\137\000s\000t\000r\000\137\000\137\000\050\000\051}{subsection.7.12.3}% 202
\BOOKMARK [3][-]{subsubsection.7.12.3.5}{\376\377\0007\000.\0001\0002\000.\0003\000.\0005\000\040\000f\000o\000r\000m\000a\000t\000t\000e\000d\000\137\000n\000a\000m\000e\000d\000\137\000o\000p\000t\000i\000o\000n\000s\000\050\000\051}{subsection.7.12.3}% 203
\BOOKMARK [2][-]{subsection.7.12.4}{\376\377\0007\000.\0001\0002\000.\0004\000\040\000M\000e\000m\000b\000e\000r\000\040\000D\000a\000t\000a\000\040\000D\000o\000c\000u\000m\000e\000n\000t\000a\000t\000i\000o\000n}{section.7.12}% 204
\BOOKMARK [3][-]{subsubsection.7.12.4.1}{\376\377\0007\000.\0001\0002\000.\0004\000.\0001\000\040\000a\000d\000d\000r\000e\000s\000s}{subsection.7.12.4}% 205
\BOOKMARK [3][-]{subsubsection.7.12.4.2}{\376\377\0007\000.\0001\0002\000.\0004\000.\0002\000\040\000b\000o\000o\000t\000p\000\137\000f\000l\000a\000g\000s}{subsection.7.12.4}% 206
\BOOKMARK [3][-]{subsubsection.7.12.4.3}{\376\377\0007\000.\0001\0002\000.\0004\000.\0003\000\040\000C\000H\000A\000D\000D\000R}{subsection.7.12.4}% 207
\BOOKMARK [3][-]{subsubsection.7.12.4.4}{\376\377\0007\000.\0001\0002\000.\0004\000.\0004\000\040\000C\000I\000A\000D\000D\000R}{subsection.7.12.4}% 208
\BOOKMARK [3][-]{subsubsection.7.12.4.5}{\376\377\0007\000.\0001\0002\000.\0004\000.\0005\000\040\000c\000l\000i\000e\000n\000t\000\137\000i\000p\000\137\000a\000d\000d\000r\000e\000s\000s}{subsection.7.12.4}% 209
\BOOKMARK [3][-]{subsubsection.7.12.4.6}{\376\377\0007\000.\0001\0002\000.\0004\000.\0006\000\040\000c\000l\000i\000e\000n\000t\000\137\000m\000a\000c\000\137\000a\000d\000d\000r\000e\000s\000s}{subsection.7.12.4}% 210
\BOOKMARK [3][-]{subsubsection.7.12.4.7}{\376\377\0007\000.\0001\0002\000.\0004\000.\0007\000\040\000d\000a\000t\000a}{subsection.7.12.4}% 211
\BOOKMARK [3][-]{subsubsection.7.12.4.8}{\376\377\0007\000.\0001\0002\000.\0004\000.\0008\000\040\000F\000L\000A\000G\000S}{subsection.7.12.4}% 212
\BOOKMARK [3][-]{subsubsection.7.12.4.9}{\376\377\0007\000.\0001\0002\000.\0004\000.\0009\000\040\000G\000I\000A\000D\000D\000R}{subsection.7.12.4}% 213
\BOOKMARK [3][-]{subsubsection.7.12.4.10}{\376\377\0007\000.\0001\0002\000.\0004\000.\0001\0000\000\040\000h\000a\000r\000d\000w\000a\000r\000e\000\137\000a\000d\000d\000r\000e\000s\000s\000\137\000l\000e\000n\000g\000t\000h}{subsection.7.12.4}% 214
\BOOKMARK [3][-]{subsubsection.7.12.4.11}{\376\377\0007\000.\0001\0002\000.\0004\000.\0001\0001\000\040\000h\000a\000r\000d\000w\000a\000r\000e\000\137\000t\000y\000p\000e}{subsection.7.12.4}% 215
\BOOKMARK [3][-]{subsubsection.7.12.4.12}{\376\377\0007\000.\0001\0002\000.\0004\000.\0001\0002\000\040\000H\000L\000E\000N}{subsection.7.12.4}% 216
\BOOKMARK [3][-]{subsubsection.7.12.4.13}{\376\377\0007\000.\0001\0002\000.\0004\000.\0001\0003\000\040\000h\000o\000p\000s}{subsection.7.12.4}% 217
\BOOKMARK [3][-]{subsubsection.7.12.4.14}{\376\377\0007\000.\0001\0002\000.\0004\000.\0001\0004\000\040\000H\000O\000P\000S}{subsection.7.12.4}% 218
\BOOKMARK [3][-]{subsubsection.7.12.4.15}{\376\377\0007\000.\0001\0002\000.\0004\000.\0001\0005\000\040\000h\000o\000s\000t}{subsection.7.12.4}% 219
\BOOKMARK [3][-]{subsubsection.7.12.4.16}{\376\377\0007\000.\0001\0002\000.\0004\000.\0001\0006\000\040\000H\000T\000Y\000P\000E}{subsection.7.12.4}% 220
\BOOKMARK [3][-]{subsubsection.7.12.4.17}{\376\377\0007\000.\0001\0002\000.\0004\000.\0001\0007\000\040\000m\000a\000g\000i\000c\000\137\000c\000o\000o\000k\000i\000e}{subsection.7.12.4}% 221
\BOOKMARK [3][-]{subsubsection.7.12.4.18}{\376\377\0007\000.\0001\0002\000.\0004\000.\0001\0008\000\040\000m\000e\000s\000s\000a\000g\000e\000\137\000t\000y\000p\000e}{subsection.7.12.4}% 222
\BOOKMARK [3][-]{subsubsection.7.12.4.19}{\376\377\0007\000.\0001\0002\000.\0004\000.\0001\0009\000\040\000n\000a\000m\000e\000d\000\137\000o\000p\000t\000i\000o\000n\000s}{subsection.7.12.4}% 223
\BOOKMARK [3][-]{subsubsection.7.12.4.20}{\376\377\0007\000.\0001\0002\000.\0004\000.\0002\0000\000\040\000n\000e\000x\000t\000\137\000s\000e\000r\000v\000e\000r\000\137\000i\000p\000\137\000a\000d\000d\000r\000e\000s\000s}{subsection.7.12.4}% 224
\BOOKMARK [3][-]{subsubsection.7.12.4.21}{\376\377\0007\000.\0001\0002\000.\0004\000.\0002\0001\000\040\000O\000P}{subsection.7.12.4}% 225
\BOOKMARK [3][-]{subsubsection.7.12.4.22}{\376\377\0007\000.\0001\0002\000.\0004\000.\0002\0002\000\040\000o\000p\000t\000i\000o\000n\000s}{subsection.7.12.4}% 226
\BOOKMARK [3][-]{subsubsection.7.12.4.23}{\376\377\0007\000.\0001\0002\000.\0004\000.\0002\0003\000\040\000p\000o\000r\000t}{subsection.7.12.4}% 227
\BOOKMARK [3][-]{subsubsection.7.12.4.24}{\376\377\0007\000.\0001\0002\000.\0004\000.\0002\0004\000\040\000r\000e\000l\000a\000y\000\137\000a\000g\000e\000n\000t\000\137\000i\000p\000\137\000a\000d\000d\000r\000e\000s\000s}{subsection.7.12.4}% 228
\BOOKMARK [3][-]{subsubsection.7.12.4.25}{\376\377\0007\000.\0001\0002\000.\0004\000.\0002\0005\000\040\000s\000e\000c\000o\000n\000d\000s\000\137\000e\000l\000a\000p\000s\000e\000d}{subsection.7.12.4}% 229
\BOOKMARK [3][-]{subsubsection.7.12.4.26}{\376\377\0007\000.\0001\0002\000.\0004\000.\0002\0006\000\040\000S\000E\000C\000S}{subsection.7.12.4}% 230
\BOOKMARK [3][-]{subsubsection.7.12.4.27}{\376\377\0007\000.\0001\0002\000.\0004\000.\0002\0007\000\040\000S\000I\000A\000D\000D\000R}{subsection.7.12.4}% 231
\BOOKMARK [3][-]{subsubsection.7.12.4.28}{\376\377\0007\000.\0001\0002\000.\0004\000.\0002\0008\000\040\000t\000r\000a\000n\000s\000a\000c\000t\000i\000o\000n\000\137\000i\000d}{subsection.7.12.4}% 232
\BOOKMARK [3][-]{subsubsection.7.12.4.29}{\376\377\0007\000.\0001\0002\000.\0004\000.\0002\0009\000\040\000X\000I\000D}{subsection.7.12.4}% 233
\BOOKMARK [3][-]{subsubsection.7.12.4.30}{\376\377\0007\000.\0001\0002\000.\0004\000.\0003\0000\000\040\000Y\000I\000A\000D\000D\000R}{subsection.7.12.4}% 234
\BOOKMARK [3][-]{subsubsection.7.12.4.31}{\376\377\0007\000.\0001\0002\000.\0004\000.\0003\0001\000\040\000y\000o\000u\000r\000\137\000i\000p\000\137\000a\000d\000d\000r\000e\000s\000s}{subsection.7.12.4}% 235
\BOOKMARK [1][-]{section.7.13}{\376\377\0007\000.\0001\0003\000\040\000d\000h\000c\000p\000.\000T\000h\000r\000e\000a\000d\000e\000d\000T\000c\000p\000R\000e\000q\000u\000e\000s\000t\000H\000a\000n\000d\000l\000e\000r\000\040\000C\000l\000a\000s\000s\000\040\000R\000e\000f\000e\000r\000e\000n\000c\000e}{chapter.7}% 236
\BOOKMARK [2][-]{subsection.7.13.1}{\376\377\0007\000.\0001\0003\000.\0001\000\040\000D\000e\000t\000a\000i\000l\000e\000d\000\040\000D\000e\000s\000c\000r\000i\000p\000t\000i\000o\000n}{section.7.13}% 237
\BOOKMARK [2][-]{subsection.7.13.2}{\376\377\0007\000.\0001\0003\000.\0002\000\040\000M\000e\000m\000b\000e\000r\000\040\000F\000u\000n\000c\000t\000i\000o\000n\000\040\000D\000o\000c\000u\000m\000e\000n\000t\000a\000t\000i\000o\000n}{section.7.13}% 238
\BOOKMARK [3][-]{subsubsection.7.13.2.1}{\376\377\0007\000.\0001\0003\000.\0002\000.\0001\000\040\000h\000a\000n\000d\000l\000e\000\050\000\051}{subsection.7.13.2}% 239
\BOOKMARK [1][-]{section.7.14}{\376\377\0007\000.\0001\0004\000\040\000d\000h\000c\000p\000.\000T\000h\000r\000e\000a\000d\000e\000d\000T\000c\000p\000S\000e\000r\000v\000e\000r\000\040\000C\000l\000a\000s\000s\000\040\000R\000e\000f\000e\000r\000e\000n\000c\000e}{chapter.7}% 240
\BOOKMARK [2][-]{subsection.7.14.1}{\376\377\0007\000.\0001\0004\000.\0001\000\040\000D\000e\000t\000a\000i\000l\000e\000d\000\040\000D\000e\000s\000c\000r\000i\000p\000t\000i\000o\000n}{section.7.14}% 241
\BOOKMARK [2][-]{subsection.7.14.2}{\376\377\0007\000.\0001\0004\000.\0002\000\040\000M\000e\000m\000b\000e\000r\000\040\000F\000u\000n\000c\000t\000i\000o\000n\000\040\000D\000o\000c\000u\000m\000e\000n\000t\000a\000t\000i\000o\000n}{section.7.14}% 242
\BOOKMARK [3][-]{subsubsection.7.14.2.1}{\376\377\0007\000.\0001\0004\000.\0002\000.\0001\000\040\000s\000e\000t\000C\000o\000n\000f\000i\000g\000u\000r\000a\000t\000i\000o\000n\000\050\000\051}{subsection.7.14.2}% 243
\BOOKMARK [3][-]{subsubsection.7.14.2.2}{\376\377\0007\000.\0001\0004\000.\0002\000.\0002\000\040\000s\000e\000t\000E\000v\000e\000n\000t\000s\000\050\000\051}{subsection.7.14.2}% 244
\BOOKMARK [3][-]{subsubsection.7.14.2.3}{\376\377\0007\000.\0001\0004\000.\0002\000.\0003\000\040\000s\000e\000t\000H\000o\000s\000t\000s\000\050\000\051}{subsection.7.14.2}% 245
\BOOKMARK [2][-]{subsection.7.14.3}{\376\377\0007\000.\0001\0004\000.\0003\000\040\000M\000e\000m\000b\000e\000r\000\040\000D\000a\000t\000a\000\040\000D\000o\000c\000u\000m\000e\000n\000t\000a\000t\000i\000o\000n}{section.7.14}% 246
\BOOKMARK [3][-]{subsubsection.7.14.3.1}{\376\377\0007\000.\0001\0004\000.\0003\000.\0001\000\040\000c\000o\000n\000f\000i\000g\000u\000r\000a\000t\000i\000o\000n}{subsection.7.14.3}% 247
\BOOKMARK [3][-]{subsubsection.7.14.3.2}{\376\377\0007\000.\0001\0004\000.\0003\000.\0002\000\040\000e\000v\000e\000n\000t\000s}{subsection.7.14.3}% 248
\BOOKMARK [3][-]{subsubsection.7.14.3.3}{\376\377\0007\000.\0001\0004\000.\0003\000.\0003\000\040\000h\000o\000s\000t\000s}{subsection.7.14.3}% 249
\BOOKMARK [1][-]{section.7.15}{\376\377\0007\000.\0001\0005\000\040\000d\000h\000c\000p\000.\000T\000r\000a\000n\000s\000a\000c\000t\000i\000o\000n\000D\000e\000l\000a\000y\000W\000o\000r\000k\000e\000r\000\040\000C\000l\000a\000s\000s\000\040\000R\000e\000f\000e\000r\000e\000n\000c\000e}{chapter.7}% 250
\BOOKMARK [2][-]{subsection.7.15.1}{\376\377\0007\000.\0001\0005\000.\0001\000\040\000D\000e\000t\000a\000i\000l\000e\000d\000\040\000D\000e\000s\000c\000r\000i\000p\000t\000i\000o\000n}{section.7.15}% 251
\BOOKMARK [2][-]{subsection.7.15.2}{\376\377\0007\000.\0001\0005\000.\0002\000\040\000C\000o\000n\000s\000t\000r\000u\000c\000t\000o\000r\000\040\000\046\000\040\000D\000e\000s\000t\000r\000u\000c\000t\000o\000r\000\040\000D\000o\000c\000u\000m\000e\000n\000t\000a\000t\000i\000o\000n}{section.7.15}% 252
\BOOKMARK [3][-]{subsubsection.7.15.2.1}{\376\377\0007\000.\0001\0005\000.\0002\000.\0001\000\040\000\137\000\137\000i\000n\000i\000t\000\137\000\137\000\050\000\051}{subsection.7.15.2}% 253
\BOOKMARK [2][-]{subsection.7.15.3}{\376\377\0007\000.\0001\0005\000.\0003\000\040\000M\000e\000m\000b\000e\000r\000\040\000F\000u\000n\000c\000t\000i\000o\000n\000\040\000D\000o\000c\000u\000m\000e\000n\000t\000a\000t\000i\000o\000n}{section.7.15}% 254
\BOOKMARK [3][-]{subsubsection.7.15.3.1}{\376\377\0007\000.\0001\0005\000.\0003\000.\0001\000\040\000c\000l\000o\000s\000e\000\050\000\051}{subsection.7.15.3}% 255
\BOOKMARK [3][-]{subsubsection.7.15.3.2}{\376\377\0007\000.\0001\0005\000.\0003\000.\0002\000\040\000d\000o\000\137\000a\000f\000t\000e\000r\000\050\000\051}{subsection.7.15.3}% 256
\BOOKMARK [2][-]{subsection.7.15.4}{\376\377\0007\000.\0001\0005\000.\0004\000\040\000M\000e\000m\000b\000e\000r\000\040\000D\000a\000t\000a\000\040\000D\000o\000c\000u\000m\000e\000n\000t\000a\000t\000i\000o\000n}{section.7.15}% 257
\BOOKMARK [3][-]{subsubsection.7.15.4.1}{\376\377\0007\000.\0001\0005\000.\0004\000.\0001\000\040\000c\000l\000o\000s\000e\000d}{subsection.7.15.4}% 258
\BOOKMARK [3][-]{subsubsection.7.15.4.2}{\376\377\0007\000.\0001\0005\000.\0004\000.\0002\000\040\000q\000u\000e\000u\000e}{subsection.7.15.4}% 259
\BOOKMARK [3][-]{subsubsection.7.15.4.3}{\376\377\0007\000.\0001\0005\000.\0004\000.\0003\000\040\000t\000h\000r\000e\000a\000d}{subsection.7.15.4}% 260
\BOOKMARK [1][-]{section.7.16}{\376\377\0007\000.\0001\0006\000\040\000t\000t\000l\000d\000i\000c\000t\000.\000T\000T\000L\000O\000r\000d\000e\000r\000e\000d\000D\000i\000c\000t\000\040\000C\000l\000a\000s\000s\000\040\000R\000e\000f\000e\000r\000e\000n\000c\000e}{chapter.7}% 261
\BOOKMARK [2][-]{subsection.7.16.1}{\376\377\0007\000.\0001\0006\000.\0001\000\040\000D\000e\000t\000a\000i\000l\000e\000d\000\040\000D\000e\000s\000c\000r\000i\000p\000t\000i\000o\000n}{section.7.16}% 262
\BOOKMARK [2][-]{subsection.7.16.2}{\376\377\0007\000.\0001\0006\000.\0002\000\040\000C\000o\000n\000s\000t\000r\000u\000c\000t\000o\000r\000\040\000\046\000\040\000D\000e\000s\000t\000r\000u\000c\000t\000o\000r\000\040\000D\000o\000c\000u\000m\000e\000n\000t\000a\000t\000i\000o\000n}{section.7.16}% 263
\BOOKMARK [3][-]{subsubsection.7.16.2.1}{\376\377\0007\000.\0001\0006\000.\0002\000.\0001\000\040\000\137\000\137\000i\000n\000i\000t\000\137\000\137\000\050\000\051}{subsection.7.16.2}% 264
\BOOKMARK [2][-]{subsection.7.16.3}{\376\377\0007\000.\0001\0006\000.\0003\000\040\000M\000e\000m\000b\000e\000r\000\040\000F\000u\000n\000c\000t\000i\000o\000n\000\040\000D\000o\000c\000u\000m\000e\000n\000t\000a\000t\000i\000o\000n}{section.7.16}% 265
\BOOKMARK [3][-]{subsubsection.7.16.3.1}{\376\377\0007\000.\0001\0006\000.\0003\000.\0001\000\040\000\137\000\137\000d\000e\000l\000i\000t\000e\000m\000\137\000\137\000\050\000\051}{subsection.7.16.3}% 266
\BOOKMARK [3][-]{subsubsection.7.16.3.2}{\376\377\0007\000.\0001\0006\000.\0003\000.\0002\000\040\000\137\000\137\000g\000e\000t\000i\000t\000e\000m\000\137\000\137\000\050\000\051}{subsection.7.16.3}% 267
\BOOKMARK [3][-]{subsubsection.7.16.3.3}{\376\377\0007\000.\0001\0006\000.\0003\000.\0003\000\040\000\137\000\137\000i\000t\000e\000r\000\137\000\137\000\050\000\051}{subsection.7.16.3}% 268
\BOOKMARK [3][-]{subsubsection.7.16.3.4}{\376\377\0007\000.\0001\0006\000.\0003\000.\0004\000\040\000\137\000\137\000l\000e\000n\000\137\000\137\000\050\000\051}{subsection.7.16.3}% 269
\BOOKMARK [3][-]{subsubsection.7.16.3.5}{\376\377\0007\000.\0001\0006\000.\0003\000.\0005\000\040\000\137\000\137\000r\000e\000p\000r\000\137\000\137\000\050\000\051}{subsection.7.16.3}% 270
\BOOKMARK [3][-]{subsubsection.7.16.3.6}{\376\377\0007\000.\0001\0006\000.\0003\000.\0006\000\040\000\137\000\137\000s\000e\000t\000i\000t\000e\000m\000\137\000\137\000\050\000\051}{subsection.7.16.3}% 271
\BOOKMARK [3][-]{subsubsection.7.16.3.7}{\376\377\0007\000.\0001\0006\000.\0003\000.\0007\000\040\000e\000x\000p\000i\000r\000e\000\137\000a\000t\000\050\000\051}{subsection.7.16.3}% 272
\BOOKMARK [3][-]{subsubsection.7.16.3.8}{\376\377\0007\000.\0001\0006\000.\0003\000.\0008\000\040\000g\000e\000t\000\050\000\051}{subsection.7.16.3}% 273
\BOOKMARK [3][-]{subsubsection.7.16.3.9}{\376\377\0007\000.\0001\0006\000.\0003\000.\0009\000\040\000g\000e\000t\000\137\000t\000t\000l\000\050\000\051}{subsection.7.16.3}% 274
\BOOKMARK [3][-]{subsubsection.7.16.3.10}{\376\377\0007\000.\0001\0006\000.\0003\000.\0001\0000\000\040\000i\000s\000\137\000e\000x\000p\000i\000r\000e\000d\000\050\000\051}{subsection.7.16.3}% 275
\BOOKMARK [3][-]{subsubsection.7.16.3.11}{\376\377\0007\000.\0001\0006\000.\0003\000.\0001\0001\000\040\000i\000t\000e\000m\000s\000\050\000\051}{subsection.7.16.3}% 276
\BOOKMARK [3][-]{subsubsection.7.16.3.12}{\376\377\0007\000.\0001\0006\000.\0003\000.\0001\0002\000\040\000k\000e\000y\000s\000\050\000\051}{subsection.7.16.3}% 277
\BOOKMARK [3][-]{subsubsection.7.16.3.13}{\376\377\0007\000.\0001\0006\000.\0003\000.\0001\0003\000\040\000s\000e\000t\000\137\000t\000t\000l\000\050\000\051}{subsection.7.16.3}% 278
\BOOKMARK [3][-]{subsubsection.7.16.3.14}{\376\377\0007\000.\0001\0006\000.\0003\000.\0001\0004\000\040\000v\000a\000l\000u\000e\000s\000\050\000\051}{subsection.7.16.3}% 279
\BOOKMARK [1][-]{section.7.17}{\376\377\0007\000.\0001\0007\000\040\000d\000h\000c\000p\000.\000W\000r\000i\000t\000e\000B\000o\000o\000t\000P\000r\000o\000t\000o\000c\000o\000l\000P\000a\000c\000k\000e\000t\000\040\000C\000l\000a\000s\000s\000\040\000R\000e\000f\000e\000r\000e\000n\000c\000e}{chapter.7}% 280
\BOOKMARK [2][-]{subsection.7.17.1}{\376\377\0007\000.\0001\0007\000.\0001\000\040\000D\000e\000t\000a\000i\000l\000e\000d\000\040\000D\000e\000s\000c\000r\000i\000p\000t\000i\000o\000n}{section.7.17}% 281
\BOOKMARK [2][-]{subsection.7.17.2}{\376\377\0007\000.\0001\0007\000.\0002\000\040\000C\000o\000n\000s\000t\000r\000u\000c\000t\000o\000r\000\040\000\046\000\040\000D\000e\000s\000t\000r\000u\000c\000t\000o\000r\000\040\000D\000o\000c\000u\000m\000e\000n\000t\000a\000t\000i\000o\000n}{section.7.17}% 282
\BOOKMARK [3][-]{subsubsection.7.17.2.1}{\376\377\0007\000.\0001\0007\000.\0002\000.\0001\000\040\000\137\000\137\000i\000n\000i\000t\000\137\000\137\000\050\000\051}{subsection.7.17.2}% 283
\BOOKMARK [2][-]{subsection.7.17.3}{\376\377\0007\000.\0001\0007\000.\0003\000\040\000M\000e\000m\000b\000e\000r\000\040\000F\000u\000n\000c\000t\000i\000o\000n\000\040\000D\000o\000c\000u\000m\000e\000n\000t\000a\000t\000i\000o\000n}{section.7.17}% 284
\BOOKMARK [3][-]{subsubsection.7.17.3.1}{\376\377\0007\000.\0001\0007\000.\0003\000.\0001\000\040\000\137\000\137\000s\000t\000r\000\137\000\137\000\050\000\051}{subsection.7.17.3}% 285
\BOOKMARK [3][-]{subsubsection.7.17.3.2}{\376\377\0007\000.\0001\0007\000.\0003\000.\0002\000\040\000g\000e\000t\000\137\000o\000p\000t\000i\000o\000n\000\050\000\051}{subsection.7.17.3}% 286
\BOOKMARK [3][-]{subsubsection.7.17.3.3}{\376\377\0007\000.\0001\0007\000.\0003\000.\0003\000\040\000o\000p\000t\000i\000o\000n\000s\000\050\000\051}{subsection.7.17.3}% 287
\BOOKMARK [3][-]{subsubsection.7.17.3.4}{\376\377\0007\000.\0001\0007\000.\0003\000.\0004\000\040\000t\000o\000\137\000b\000y\000t\000e\000s\000\050\000\051}{subsection.7.17.3}% 288
\BOOKMARK [2][-]{subsection.7.17.4}{\376\377\0007\000.\0001\0007\000.\0004\000\040\000M\000e\000m\000b\000e\000r\000\040\000D\000a\000t\000a\000\040\000D\000o\000c\000u\000m\000e\000n\000t\000a\000t\000i\000o\000n}{section.7.17}% 289
\BOOKMARK [3][-]{subsubsection.7.17.4.1}{\376\377\0007\000.\0001\0007\000.\0004\000.\0001\000\040\000b\000o\000o\000t\000p\000\137\000f\000l\000a\000g\000s}{subsection.7.17.4}% 290
\BOOKMARK [3][-]{subsubsection.7.17.4.2}{\376\377\0007\000.\0001\0007\000.\0004\000.\0002\000\040\000c\000l\000i\000e\000n\000t\000\137\000i\000p\000\137\000a\000d\000d\000r\000e\000s\000s}{subsection.7.17.4}% 291
\BOOKMARK [3][-]{subsubsection.7.17.4.3}{\376\377\0007\000.\0001\0007\000.\0004\000.\0003\000\040\000c\000l\000i\000e\000n\000t\000\137\000m\000a\000c\000\137\000a\000d\000d\000r\000e\000s\000s}{subsection.7.17.4}% 292
\BOOKMARK [3][-]{subsubsection.7.17.4.4}{\376\377\0007\000.\0001\0007\000.\0004\000.\0004\000\040\000h\000a\000r\000d\000w\000a\000r\000e\000\137\000a\000d\000d\000r\000e\000s\000s\000\137\000l\000e\000n\000g\000t\000h}{subsection.7.17.4}% 293
\BOOKMARK [3][-]{subsubsection.7.17.4.5}{\376\377\0007\000.\0001\0007\000.\0004\000.\0005\000\040\000h\000a\000r\000d\000w\000a\000r\000e\000\137\000t\000y\000p\000e}{subsection.7.17.4}% 294
\BOOKMARK [3][-]{subsubsection.7.17.4.6}{\376\377\0007\000.\0001\0007\000.\0004\000.\0006\000\040\000h\000o\000p\000s}{subsection.7.17.4}% 295
\BOOKMARK [3][-]{subsubsection.7.17.4.7}{\376\377\0007\000.\0001\0007\000.\0004\000.\0007\000\040\000m\000a\000g\000i\000c\000\137\000c\000o\000o\000k\000i\000e}{subsection.7.17.4}% 296
\BOOKMARK [3][-]{subsubsection.7.17.4.8}{\376\377\0007\000.\0001\0007\000.\0004\000.\0008\000\040\000m\000e\000s\000s\000a\000g\000e\000\137\000t\000y\000p\000e}{subsection.7.17.4}% 297
\BOOKMARK [3][-]{subsubsection.7.17.4.9}{\376\377\0007\000.\0001\0007\000.\0004\000.\0009\000\040\000n\000e\000x\000t\000\137\000s\000e\000r\000v\000e\000r\000\137\000i\000p\000\137\000a\000d\000d\000r\000e\000s\000s}{subsection.7.17.4}% 298
\BOOKMARK [3][-]{subsubsection.7.17.4.10}{\376\377\0007\000.\0001\0007\000.\0004\000.\0001\0000\000\040\000p\000a\000r\000a\000m\000e\000t\000e\000r\000\137\000o\000r\000d\000e\000r}{subsection.7.17.4}% 299
\BOOKMARK [3][-]{subsubsection.7.17.4.11}{\376\377\0007\000.\0001\0007\000.\0004\000.\0001\0001\000\040\000r\000e\000l\000a\000y\000\137\000a\000g\000e\000n\000t\000\137\000i\000p\000\137\000a\000d\000d\000r\000e\000s\000s}{subsection.7.17.4}% 300
\BOOKMARK [3][-]{subsubsection.7.17.4.12}{\376\377\0007\000.\0001\0007\000.\0004\000.\0001\0002\000\040\000s\000e\000c\000o\000n\000d\000s\000\137\000e\000l\000a\000p\000s\000e\000d}{subsection.7.17.4}% 301
\BOOKMARK [3][-]{subsubsection.7.17.4.13}{\376\377\0007\000.\0001\0007\000.\0004\000.\0001\0003\000\040\000t\000r\000a\000n\000s\000a\000c\000t\000i\000o\000n\000\137\000i\000d}{subsection.7.17.4}% 302
\BOOKMARK [3][-]{subsubsection.7.17.4.14}{\376\377\0007\000.\0001\0007\000.\0004\000.\0001\0004\000\040\000y\000o\000u\000r\000\137\000i\000p\000\137\000a\000d\000d\000r\000e\000s\000s}{subsection.7.17.4}% 303
\BOOKMARK [0][-]{chapter.8}{\376\377\0008\000\040\000F\000i\000l\000e\000\040\000D\000o\000c\000u\000m\000e\000n\000t\000a\000t\000i\000o\000n}{}% 304
\BOOKMARK [1][-]{section.8.1}{\376\377\0008\000.\0001\000\040\000d\000h\000c\000p\000.\000p\000y\000\040\000F\000i\000l\000e\000\040\000R\000e\000f\000e\000r\000e\000n\000c\000e}{chapter.8}% 305
\BOOKMARK [1][-]{section.8.2}{\376\377\0008\000.\0002\000\040\000d\000h\000c\000p\000.\000p\000y}{chapter.8}% 306
\BOOKMARK [1][-]{section.8.3}{\376\377\0008\000.\0003\000\040\000l\000i\000s\000t\000e\000n\000e\000r\000.\000p\000y\000\040\000F\000i\000l\000e\000\040\000R\000e\000f\000e\000r\000e\000n\000c\000e}{chapter.8}% 307
\BOOKMARK [1][-]{section.8.4}{\376\377\0008\000.\0004\000\040\000l\000i\000s\000t\000e\000n\000e\000r\000.\000p\000y}{chapter.8}% 308
\BOOKMARK [1][-]{section.8.5}{\376\377\0008\000.\0005\000\040\000R\000E\000A\000D\000M\000E\000.\000m\000d\000\040\000F\000i\000l\000e\000\040\000R\000e\000f\000e\000r\000e\000n\000c\000e}{chapter.8}% 309
\BOOKMARK [1][-]{section.8.6}{\376\377\0008\000.\0006\000\040\000t\000t\000l\000d\000i\000c\000t\000.\000p\000y\000\040\000F\000i\000l\000e\000\040\000R\000e\000f\000e\000r\000e\000n\000c\000e}{chapter.8}% 310
\BOOKMARK [1][-]{section.8.7}{\376\377\0008\000.\0007\000\040\000t\000t\000l\000d\000i\000c\000t\000.\000p\000y}{chapter.8}% 311
\BOOKMARK [0][-]{section*.68}{\376\377\000I\000n\000d\000e\000x}{}% 312
